2024-04-26 19:50:48,406 - VertMeasure - INFO - Now Switching Pages from 1 to 2
2024-04-26 19:51:06,528 - VertMeasure - INFO - Upload Path: C:/Users/lucas/Videos/demo_gif_1.mp4
2024-04-26 19:51:06,528 - VertMeasure - INFO - Jumper Name: lessa
2024-04-26 19:51:06,528 - VertMeasure - INFO - Jumper Height: 72.0
2024-04-26 19:51:06,528 - VertMeasure - INFO - Jump Style Index: 0
2024-04-26 19:51:06,528 - VertMeasure - INFO - Video Format: 1
2024-04-26 19:51:06,530 - VertMeasure - INFO - Calibration Handler Created
2024-04-26 19:51:08,130 - VertMeasure - INFO - generate_video_points(self) | Dictionary of Joints Created with Keys: ['right_foot_index', 'left_shoulder', 'right_shoulder', 'left_pinky', 'right_pinky', 'left_index', 'right_index', 'left_hip', 'right_hip', 'left_heel', 'right_heel', 'left_foot_index']
2024-04-26 19:51:08,157 - VertMeasure - INFO - define_stages(self) | Splitting Point: Frame 22
2024-04-26 19:51:08,160 - VertMeasure - INFO - Original Frame Shape: (1080, 1920, 3)
2024-04-26 19:51:08,214 - VertMeasure - INFO - Now Switching Pages from 2 to 3
2024-04-26 19:51:09,746 - VertMeasure - INFO - calibrate_measured_height(self, shoulder_offset, rim_offset, ground_offset) | Pixels Per Inch: -0.4444444444444444
2024-04-26 19:51:09,750 - VertMeasure - INFO - calculate_vertical_jump(self) | Vertical in Pixels: -607.5 | Vertical in Inches: 1366.875
2024-04-26 19:51:09,751 - VertMeasure - INFO - Now Switching Pages from 3 to 4
2024-04-26 19:51:11,784 - VertMeasure - INFO - Now Switching Pages from 4 to 5
2024-04-26 19:51:11,874 - VertMeasure - INFO - Original Frame Shape: (1080, 1920, 3)
2024-04-26 19:51:11,939 - VertMeasure - INFO - Original Frame Shape: (1080, 1920, 3)
2024-04-26 19:51:12,028 - VertMeasure - INFO - Original Frame Shape: (1080, 1920, 3)
2024-04-26 19:51:12,103 - VertMeasure - INFO - Original Frame Shape: (1080, 1920, 3)
2024-04-26 19:51:12,181 - VertMeasure - INFO - Original Frame Shape: (1080, 1920, 3)
2024-04-26 19:51:12,254 - VertMeasure - INFO - Original Frame Shape: (1080, 1920, 3)
2024-04-26 19:51:12,329 - VertMeasure - INFO - Original Frame Shape: (1080, 1920, 3)
2024-04-26 19:51:12,414 - VertMeasure - INFO - Original Frame Shape: (1080, 1920, 3)
2024-04-26 19:51:12,498 - VertMeasure - INFO - Original Frame Shape: (1080, 1920, 3)
2024-04-26 19:51:12,567 - VertMeasure - INFO - Original Frame Shape: (1080, 1920, 3)
2024-04-26 19:51:12,644 - VertMeasure - INFO - Original Frame Shape: (1080, 1920, 3)
2024-04-26 19:51:12,726 - VertMeasure - INFO - Original Frame Shape: (1080, 1920, 3)
2024-04-26 19:51:12,809 - VertMeasure - INFO - Original Frame Shape: (1080, 1920, 3)
2024-04-26 19:51:12,889 - VertMeasure - INFO - Original Frame Shape: (1080, 1920, 3)
2024-04-26 19:51:12,956 - VertMeasure - INFO - Original Frame Shape: (1080, 1920, 3)
2024-04-26 19:51:13,040 - VertMeasure - INFO - Original Frame Shape: (1080, 1920, 3)
2024-04-26 19:51:13,124 - VertMeasure - INFO - Original Frame Shape: (1080, 1920, 3)
2024-04-26 19:51:13,191 - VertMeasure - INFO - Original Frame Shape: (1080, 1920, 3)
2024-04-26 19:51:13,266 - VertMeasure - INFO - Original Frame Shape: (1080, 1920, 3)
2024-04-26 19:51:13,358 - VertMeasure - INFO - Original Frame Shape: (1080, 1920, 3)
2024-04-26 19:51:13,429 - VertMeasure - INFO - Original Frame Shape: (1080, 1920, 3)
2024-04-26 19:51:13,512 - VertMeasure - INFO - Original Frame Shape: (1080, 1920, 3)
2024-04-26 19:51:13,580 - VertMeasure - INFO - Original Frame Shape: (1080, 1920, 3)
2024-04-26 19:51:13,667 - VertMeasure - INFO - Original Frame Shape: (1080, 1920, 3)
2024-04-26 19:51:13,747 - VertMeasure - INFO - Original Frame Shape: (1080, 1920, 3)
2024-04-26 19:51:13,822 - VertMeasure - INFO - Original Frame Shape: (1080, 1920, 3)
2024-04-26 19:51:13,894 - VertMeasure - INFO - Original Frame Shape: (1080, 1920, 3)
2024-04-26 19:51:13,977 - VertMeasure - INFO - Original Frame Shape: (1080, 1920, 3)
2024-04-26 19:51:14,053 - VertMeasure - INFO - Original Frame Shape: (1080, 1920, 3)
2024-04-26 19:51:14,130 - VertMeasure - INFO - Original Frame Shape: (1080, 1920, 3)
2024-04-26 19:51:14,213 - VertMeasure - INFO - Original Frame Shape: (1080, 1920, 3)
2024-04-26 19:51:14,282 - VertMeasure - INFO - Original Frame Shape: (1080, 1920, 3)
2024-04-26 19:51:14,367 - VertMeasure - INFO - Original Frame Shape: (1080, 1920, 3)
2024-04-26 19:51:14,449 - VertMeasure - INFO - Original Frame Shape: (1080, 1920, 3)
2024-04-26 19:51:14,518 - VertMeasure - INFO - Original Frame Shape: (1080, 1920, 3)
2024-04-26 19:51:14,602 - VertMeasure - INFO - Original Frame Shape: (1080, 1920, 3)
2024-04-26 19:51:14,676 - VertMeasure - INFO - Original Frame Shape: (1080, 1920, 3)
2024-04-26 19:51:14,751 - VertMeasure - INFO - Original Frame Shape: (1080, 1920, 3)
2024-04-26 19:51:14,828 - VertMeasure - INFO - Original Frame Shape: (1080, 1920, 3)
2024-04-26 19:51:14,909 - VertMeasure - INFO - Original Frame Shape: (1080, 1920, 3)
2024-04-26 19:51:14,996 - VertMeasure - INFO - Original Frame Shape: (1080, 1920, 3)
2024-04-26 19:51:15,084 - VertMeasure - INFO - Original Frame Shape: (1080, 1920, 3)
2024-04-26 19:51:15,144 - VertMeasure - INFO - Original Frame Shape: (1080, 1920, 3)
2024-04-26 19:51:15,219 - VertMeasure - INFO - Original Frame Shape: (1080, 1920, 3)
2024-04-26 19:51:15,298 - VertMeasure - INFO - Original Frame Shape: (1080, 1920, 3)
2024-04-26 19:51:15,379 - VertMeasure - INFO - Original Frame Shape: (1080, 1920, 3)
2024-04-26 19:51:15,460 - VertMeasure - INFO - Original Frame Shape: (1080, 1920, 3)
2024-04-26 19:51:15,536 - VertMeasure - INFO - Original Frame Shape: (1080, 1920, 3)
2024-04-26 19:51:15,610 - VertMeasure - INFO - Original Frame Shape: (1080, 1920, 3)
2024-04-26 19:51:15,690 - VertMeasure - INFO - Original Frame Shape: (1080, 1920, 3)
2024-04-26 19:51:15,769 - VertMeasure - INFO - Original Frame Shape: (1080, 1920, 3)
2024-04-26 19:51:15,850 - VertMeasure - INFO - Original Frame Shape: (1080, 1920, 3)
